<?xml version="1.0" encoding="UTF-8"?>
<!-- Generated by org.testng.reporters.JUnitReportReporter -->
<testsuite hostname="CHN1-LHP-N62804" failures="0" tests="1" name="testRunner.SlotTestRunner" time="10.489" errors="0" timestamp="2022-05-17T14:54:47 IST" skipped="0">
  <testcase classname="testRunner.SlotTestRunner" name="runScenario" time="10.489"/>
  <system-out/>
</testsuite> <!-- testRunner.SlotTestRunner -->
